<?xml version="1.0" encoding="UTF-8"?>
<!-- Generated by org.testng.reporters.JUnitReportReporter -->
<testsuite hostname="LAPTOP-CQAE32CK" failures="0" tests="3" name="allureReport.Testes" time="3.142" errors="0" timestamp="2023-09-30T22:09:50 IST" skipped="1">
  <testcase classname="allureReport.Testes" name="logoPresence" time="0.330"/>
  <system-out/>
  <testcase classname="allureReport.Testes" name="LoginTest" time="2.792"/>
  <system-out/>
  <testcase classname="allureReport.Testes" name="registration" time="0.020">
    <skipped/>
  </testcase> <!-- registration -->
  <system-out/>
</testsuite> <!-- allureReport.Testes -->
